  [4;36;1mSQL (0.3ms)[0m   [0;1m SELECT name
 FROM sqlite_master
 WHERE type = 'table' AND NOT name = 'sqlite_sequence'
[0m
  [4;35;1mSQL (0.2ms)[0m   [0mselect sqlite_version(*)[0m
  [4;36;1mSQL (3.1ms)[0m   [0;1mCREATE TABLE "schema_migrations" ("version" varchar(255) NOT NULL) [0m
  [4;35;1mSQL (2.8ms)[0m   [0mCREATE UNIQUE INDEX "unique_schema_migrations" ON "schema_migrations" ("version")[0m
  [4;36;1mSQL (0.7ms)[0m   [0;1m SELECT name
 FROM sqlite_master
 WHERE type = 'table' AND NOT name = 'sqlite_sequence'
[0m
  [4;35;1mSQL (0.2ms)[0m   [0mSELECT version FROM schema_migrations[0m
Migrating to CreateSessions (20081208033645)
  [4;36;1mSQL (3.2ms)[0m   [0;1mCREATE TABLE "sessions" ("id" INTEGER PRIMARY KEY AUTOINCREMENT NOT NULL, "session_id" varchar(255) NOT NULL, "data" text, "created_at" datetime, "updated_at" datetime) [0m
  [4;35;1mSQL (3.2ms)[0m   [0mCREATE INDEX "index_sessions_on_session_id" ON "sessions" ("session_id")[0m
  [4;36;1mSQL (3.2ms)[0m   [0;1mCREATE INDEX "index_sessions_on_updated_at" ON "sessions" ("updated_at")[0m
  [4;35;1mSQL (2.9ms)[0m   [0mINSERT INTO schema_migrations (version) VALUES ('20081208033645')[0m
Migrating to CreateUsers (20081208033646)
  [4;36;1mSQL (0.4ms)[0m   [0;1m SELECT name
 FROM sqlite_master
 WHERE type = 'table' AND NOT name = 'sqlite_sequence'
[0m
  [4;35;1mSQL (3.1ms)[0m   [0mCREATE TABLE "users" ("id" INTEGER PRIMARY KEY AUTOINCREMENT NOT NULL, "login" varchar(40), "name" varchar(100) DEFAULT '', "email" varchar(100), "crypted_password" varchar(40), "salt" varchar(40), "created_at" datetime, "updated_at" datetime, "remember_token" varchar(40), "remember_token_expires_at" datetime) [0m
  [4;36;1mSQL (2.6ms)[0m   [0;1mCREATE UNIQUE INDEX "index_users_on_login" ON "users" ("login")[0m
  [4;35;1mSQL (2.4ms)[0m   [0mINSERT INTO schema_migrations (version) VALUES ('20081208033646')[0m
Migrating to AddActsAsTaggableTables (20081208033652)
  [4;36;1mSQL (3.2ms)[0m   [0;1mCREATE TABLE "tags" ("id" INTEGER PRIMARY KEY AUTOINCREMENT NOT NULL, "name" varchar(255), "taggings_count" integer DEFAULT 0 NOT NULL) [0m
  [4;35;1mSQL (3.3ms)[0m   [0mCREATE INDEX "index_tags_on_name" ON "tags" ("name")[0m
  [4;36;1mSQL (2.9ms)[0m   [0;1mCREATE INDEX "index_tags_on_taggings_count" ON "tags" ("taggings_count")[0m
  [4;35;1mSQL (3.3ms)[0m   [0mCREATE TABLE "taggings" ("id" INTEGER PRIMARY KEY AUTOINCREMENT NOT NULL, "tag_id" integer, "taggable_id" integer, "taggable_type" varchar(255), "user_id" integer) [0m
  [4;36;1mSQL (4.6ms)[0m   [0;1mCREATE INDEX "index_taggings_on_tag_id_and_taggable_type" ON "taggings" ("tag_id", "taggable_type")[0m
  [4;35;1mSQL (2.7ms)[0m   [0mCREATE INDEX "index_taggings_on_user_id_and_tag_id_and_taggable_type" ON "taggings" ("user_id", "tag_id", "taggable_type")[0m
  [4;36;1mSQL (2.7ms)[0m   [0;1mCREATE INDEX "index_taggings_on_taggable_id_and_taggable_type" ON "taggings" ("taggable_id", "taggable_type")[0m
  [4;35;1mSQL (3.1ms)[0m   [0mCREATE INDEX "index_taggings_on_user_id_and_taggable_id_and_taggable_type" ON "taggings" ("user_id", "taggable_id", "taggable_type")[0m
  [4;36;1mSQL (2.6ms)[0m   [0;1mINSERT INTO schema_migrations (version) VALUES ('20081208033652')[0m
Migrating to AddOpenIdAuthenticationTables (20081208033654)
  [4;35;1mSQL (0.6ms)[0m   [0m SELECT name
 FROM sqlite_master
 WHERE type = 'table' AND NOT name = 'sqlite_sequence'
[0m
  [4;36;1mSQL (3.5ms)[0m   [0;1mCREATE TABLE "open_id_authentication_associations" ("id" INTEGER PRIMARY KEY AUTOINCREMENT NOT NULL, "issued" integer, "lifetime" integer, "handle" varchar(255), "assoc_type" varchar(255), "server_url" blob, "secret" blob) [0m
  [4;35;1mSQL (0.9ms)[0m   [0m SELECT name
 FROM sqlite_master
 WHERE type = 'table' AND NOT name = 'sqlite_sequence'
[0m
  [4;36;1mSQL (2.6ms)[0m   [0;1mCREATE TABLE "open_id_authentication_nonces" ("id" INTEGER PRIMARY KEY AUTOINCREMENT NOT NULL, "timestamp" integer NOT NULL, "server_url" varchar(255), "salt" varchar(255) NOT NULL) [0m
  [4;35;1mSQL (2.6ms)[0m   [0mINSERT INTO schema_migrations (version) VALUES ('20081208033654')[0m
  [4;36;1mSQL (0.7ms)[0m   [0;1m SELECT name
 FROM sqlite_master
 WHERE type = 'table' AND NOT name = 'sqlite_sequence'
[0m
  [4;35;1mSQL (0.4ms)[0m   [0mSELECT version FROM schema_migrations[0m
  [4;36;1mSQL (0.5ms)[0m   [0;1m SELECT name
 FROM sqlite_master
 WHERE type = 'table' AND NOT name = 'sqlite_sequence'
[0m
  [4;35;1mSQL (0.1ms)[0m   [0mPRAGMA index_list("open_id_authentication_associations")[0m
  [4;36;1mSQL (0.1ms)[0m   [0;1mPRAGMA index_list("open_id_authentication_nonces")[0m
  [4;35;1mSQL (0.2ms)[0m   [0mPRAGMA index_list("sessions")[0m
  [4;36;1mSQL (0.2ms)[0m   [0;1mPRAGMA index_info('index_sessions_on_updated_at')[0m
  [4;35;1mSQL (0.2ms)[0m   [0mPRAGMA index_info('index_sessions_on_session_id')[0m
  [4;36;1mSQL (0.4ms)[0m   [0;1mPRAGMA index_list("taggings")[0m
  [4;35;1mSQL (0.3ms)[0m   [0mPRAGMA index_info('index_taggings_on_user_id_and_taggable_id_and_taggable_type')[0m
  [4;36;1mSQL (0.2ms)[0m   [0;1mPRAGMA index_info('index_taggings_on_taggable_id_and_taggable_type')[0m
  [4;35;1mSQL (0.3ms)[0m   [0mPRAGMA index_info('index_taggings_on_user_id_and_tag_id_and_taggable_type')[0m
  [4;36;1mSQL (0.2ms)[0m   [0;1mPRAGMA index_info('index_taggings_on_tag_id_and_taggable_type')[0m
  [4;35;1mSQL (0.2ms)[0m   [0mPRAGMA index_list("tags")[0m
  [4;36;1mSQL (0.1ms)[0m   [0;1mPRAGMA index_info('index_tags_on_taggings_count')[0m
  [4;35;1mSQL (0.2ms)[0m   [0mPRAGMA index_info('index_tags_on_name')[0m
  [4;36;1mSQL (0.1ms)[0m   [0;1mPRAGMA index_list("users")[0m
  [4;35;1mSQL (0.1ms)[0m   [0mPRAGMA index_info('index_users_on_login')[0m


Processing ApplicationController#index (for 127.0.0.1 at 2008-12-08 03:40:10) [GET]

ActionController::RoutingError (No route matches "/" with {:method=>:get}):
  

Rendering rescues/layout.erb (not_found)


Processing SessionsController#new (for 127.0.0.1 at 2008-12-08 03:40:14) [GET]
Rendering sessions/new
Completed in 5ms (View: 3, DB: 0) | 200 OK [http://127.0.0.1/login]


Processing SessionsController#create (for 127.0.0.1 at 2008-12-08 03:40:16) [POST]
  Parameters: {"commit"=>"Log in", "authenticity_token"=>"DM3VE2IKnyzi31B8bxFD9Ctt/NDzb9m4kRZNQFZ8hC8=", "login"=>"", "password"=>""}
Cookie set: auth_token=; path=/; expires=Thu, 01 Jan 1970 00:00:00 GMT
Failed login for '' from 127.0.0.1 at Mon Dec 08 03:40:16 UTC 2008
Rendering sessions/new
Completed in 85ms (View: 5, DB: 0) | 200 OK [http://127.0.0.1/session]


Processing SessionsController#create (for 127.0.0.1 at 2008-12-08 03:40:18) [POST]
  Parameters: {"commit"=>"Log in", "authenticity_token"=>"DM3VE2IKnyzi31B8bxFD9Ctt/NDzb9m4kRZNQFZ8hC8=", "login"=>"x", "password"=>"x"}
Cookie set: auth_token=; path=/; expires=Thu, 01 Jan 1970 00:00:00 GMT
  [4;36;1mUser Load (0.2ms)[0m   [0;1mSELECT * FROM "users" WHERE ("users"."login" = 'x') LIMIT 1[0m
Failed login for 'x' from 127.0.0.1 at Mon Dec 08 03:40:18 UTC 2008
Rendering sessions/new
Completed in 14ms (View: 3, DB: 0) | 200 OK [http://127.0.0.1/session]


Processing UsersController#new (for 127.0.0.1 at 2008-12-08 03:40:22) [GET]
Rendering users/new
Completed in 16ms (View: 6, DB: 0) | 200 OK [http://127.0.0.1/signup]


Processing UsersController#create (for 127.0.0.1 at 2008-12-08 03:40:29) [POST]
  Parameters: {"user"=>{"password_confirmation"=>"demon", "password"=>"demon", "login"=>"peter", "email"=>"peter@petercooper.co.uk"}, "commit"=>"Sign up", "authenticity_token"=>"DM3VE2IKnyzi31B8bxFD9Ctt/NDzb9m4kRZNQFZ8hC8="}
Cookie set: auth_token=; path=/; expires=Thu, 01 Jan 1970 00:00:00 GMT
  [4;35;1mUser Exists (0.2ms)[0m   [0mSELECT "users".id FROM "users" WHERE ("users"."login" = 'peter') LIMIT 1[0m
  [4;36;1mUser Exists (0.1ms)[0m   [0;1mSELECT "users".id FROM "users" WHERE ("users"."email" = 'peter@petercooper.co.uk') LIMIT 1[0m
Rendering users/new
Completed in 43ms (View: 6, DB: 0) | 200 OK [http://127.0.0.1/users]


Processing UsersController#create (for 127.0.0.1 at 2008-12-08 03:40:34) [POST]
  Parameters: {"user"=>{"password_confirmation"=>"demon1demon", "password"=>"demon1demon", "login"=>"peter", "email"=>"peter@petercooper.co.uk"}, "commit"=>"Sign up", "authenticity_token"=>"DM3VE2IKnyzi31B8bxFD9Ctt/NDzb9m4kRZNQFZ8hC8="}
Cookie set: auth_token=; path=/; expires=Thu, 01 Jan 1970 00:00:00 GMT
  [4;35;1mUser Exists (0.1ms)[0m   [0mSELECT "users".id FROM "users" WHERE ("users"."login" = 'peter') LIMIT 1[0m
  [4;36;1mUser Exists (0.1ms)[0m   [0;1mSELECT "users".id FROM "users" WHERE ("users"."email" = 'peter@petercooper.co.uk') LIMIT 1[0m
  [4;35;1mUser Create (0.5ms)[0m   [0mINSERT INTO "users" ("name", "salt", "updated_at", "crypted_password", "remember_token_expires_at", "remember_token", "login", "email", "created_at") VALUES('', '55df66122e872f8aef573624313997d9124e6d86', '2008-12-08 03:40:34', '320608b30e2a285e0082f3f5f98938be9fc9486f', NULL, NULL, 'peter', 'peter@petercooper.co.uk', '2008-12-08 03:40:34')[0m
Redirected to /
Completed in 27ms (DB: 1) | 302 Found [http://127.0.0.1/users]


Processing ApplicationController#index (for 127.0.0.1 at 2008-12-08 03:40:34) [GET]

ActionController::RoutingError (No route matches "/" with {:method=>:get}):
  

Rendering rescues/layout.erb (not_found)


Processing SessionsController#new (for 127.0.0.1 at 2008-12-08 03:40:37) [GET]
Rendering sessions/new
Completed in 61ms (View: 60, DB: 0) | 200 OK [http://127.0.0.1/login]
